<?xml version="1.0" encoding="UTF-8"?>
<!-- Generated by org.testng.reporters.JUnitReportReporter -->
<testsuite name="com.Test_ng.Runner_Lesson_1" tests="1" time="0.618" ignored="0" failures="0" timestamp="08 Aug 2020 12:30:55 GMT" skipped="0" hostname="KALYAN" errors="0">
  <testcase name="TR_1" time="0.618" classname="com.Test_ng.Runner_Lesson_1"/>
</testsuite> <!-- com.Test_ng.Runner_Lesson_1 -->
