<?xml version="1.0" encoding="UTF-8"?>
<!-- Generated by org.testng.reporters.JUnitReportReporter -->
<testsuite name="demo.Runner.Runner_Lesson_1" tests="1" time="0.337" ignored="0" failures="0" timestamp="11 Aug 2020 14:54:43 GMT" skipped="0" hostname="KALYAN" errors="0">
  <testcase name="TR_1" time="0.337" classname="demo.Runner.Runner_Lesson_1"/>
</testsuite> <!-- demo.Runner.Runner_Lesson_1 -->
