<?xml version="1.0" encoding="UTF-8"?>
<!-- Generated by org.testng.reporters.JUnitReportReporter -->
<testsuite name="demo2b.Runner.Runner_Lesson_1" tests="1" time="5.583" ignored="0" failures="0" timestamp="15 Aug 2020 15:46:49 GMT" skipped="0" hostname="KALYAN" errors="0">
  <testcase name="TR_1" time="5.583" classname="demo2b.Runner.Runner_Lesson_1"/>
</testsuite> <!-- demo2b.Runner.Runner_Lesson_1 -->
