<?xml version="1.0" encoding="UTF-8"?>
<!-- Generated by org.testng.reporters.JUnitReportReporter -->
<testsuite name="com.Test_ng.TestRunNG" tests="1" time="0.464" ignored="0" failures="0" timestamp="04 Sep 2020 17:44:18 GMT" skipped="0" hostname="KALYAN" errors="0">
  <testcase name="verify" time="0.464" classname="com.Test_ng.TestRunNG"/>
</testsuite> <!-- com.Test_ng.TestRunNG -->
