<?xml version="1.0" encoding="UTF-8"?>
<!-- Generated by org.testng.reporters.JUnitReportReporter -->
<testsuite name="demo.Runner.Test1" tests="1" time="0.016" ignored="0" failures="0" timestamp="10 Aug 2020 12:11:18 GMT" skipped="0" hostname="KALYAN" errors="0">
  <testcase name="dummy" time="0.016" classname="demo.Runner.Test1"/>
</testsuite> <!-- demo.Runner.Test1 -->
