<?xml version="1.0" encoding="UTF-8"?>
<!-- Generated by org.testng.reporters.JUnitReportReporter -->
<testsuite name="com.Test_ng.para2" tests="26" time="1.007" ignored="6" failures="0" timestamp="30 Aug 2020 16:01:41 GMT" skipped="0" hostname="KALYAN" errors="0">
  <testcase name="tc_002" time="0.019" classname="com.Test_ng.para2"/>
  <testcase name="f1234" time="0.004" classname="com.Test_ng.para2"/>
  <testcase name="f1234" time="0.009" classname="com.Test_ng.para2"/>
  <testcase name="tc_004" time="0.004" classname="com.Test_ng.para2"/>
  <testcase name="tc_004" time="0.006" classname="com.Test_ng.para2"/>
  <testcase name="tc_002" time="0.003" classname="com.Test_ng.para2"/>
  <testcase name="tc_004" time="0.006" classname="com.Test_ng.para2"/>
  <testcase name="tc_003" time="0.002" classname="com.Test_ng.para2"/>
  <testcase name="f1234" time="0.008" classname="com.Test_ng.para2"/>
  <testcase name="tc_003" time="0.026" classname="com.Test_ng.para2"/>
  <testcase name="tc_004" time="0.009" classname="com.Test_ng.para2"/>
  <testcase name="tc_002" time="0.001" classname="com.Test_ng.para2"/>
  <testcase name="tc_003" time="0.005" classname="com.Test_ng.para2"/>
  <testcase name="tc_002" time="0.005" classname="com.Test_ng.para2"/>
  <testcase name="f1234" time="0.005" classname="com.Test_ng.para2"/>
  <testcase name="tc_003" time="0.003" classname="com.Test_ng.para2"/>
  <testcase name="tc_002" time="0.005" classname="com.Test_ng.para2"/>
  <testcase name="tc_003" time="0.056" classname="com.Test_ng.para2"/>
  <testcase name="tc_003" time="0.008" classname="com.Test_ng.para2"/>
  <testcase name="tc_004" time="0.006" classname="com.Test_ng.para2"/>
  <testcase name="tc_003" time="0.014" classname="com.Test_ng.para2"/>
  <testcase name="tc_002" time="0.003" classname="com.Test_ng.para2"/>
  <testcase name="tc_003" time="0.007" classname="com.Test_ng.para2"/>
  <testcase name="tc_002" time="0.030" classname="com.Test_ng.para2"/>
  <testcase name="tc_004" time="0.003" classname="com.Test_ng.para2"/>
  <testcase name="tc_002" time="0.760" classname="com.Test_ng.para2"/>
  <testcase name="tc_004" classname="com.Test_ng.para2">
    <skipped/>
  </testcase> <!-- tc_004 -->
  <testcase name="tc_004" classname="com.Test_ng.para2">
    <skipped/>
  </testcase> <!-- tc_004 -->
  <testcase name="f1234" classname="com.Test_ng.para2">
    <skipped/>
  </testcase> <!-- f1234 -->
  <testcase name="f1234" classname="com.Test_ng.para2">
    <skipped/>
  </testcase> <!-- f1234 -->
  <testcase name="f1234" classname="com.Test_ng.para2">
    <skipped/>
  </testcase> <!-- f1234 -->
  <testcase name="f1234" classname="com.Test_ng.para2">
    <skipped/>
  </testcase> <!-- f1234 -->
</testsuite> <!-- com.Test_ng.para2 -->
