<?xml version="1.0" encoding="UTF-8"?>
<!-- Generated by org.testng.reporters.JUnitReportReporter -->
<testsuite name="com.FW2B.Runner.Runner_One" tests="1" time="0.000" ignored="6" failures="0" timestamp="15 Aug 2020 14:25:24 GMT" skipped="0" hostname="KALYAN" errors="1">
  <testcase name="OpenBrowser" time="0.000" classname="com.FW2B.Runner.Runner_One">
    <error type="java.lang.NullPointerException">
      <![CDATA[java.lang.NullPointerException
	at com.FW2B.Runner.Runner_One.OpenBrowser(Runner_One.java:132)
	at sun.reflect.NativeMethodAccessorImpl.invoke0(Native Method)
	at sun.reflect.NativeMethodAccessorImpl.invoke(Unknown Source)
	at sun.reflect.DelegatingMethodAccessorImpl.invoke(Unknown Source)
	at java.lang.reflect.Method.invoke(Unknown Source)
	at org.testng.internal.MethodInvocationHelper.invokeMethod(MethodInvocationHelper.java:104)
	at org.testng.internal.Invoker.invokeConfigurationMethod(Invoker.java:515)
	at org.testng.internal.Invoker.invokeConfigurations(Invoker.java:217)
	at org.testng.internal.Invoker.invokeConfigurations(Invoker.java:144)
	at org.testng.TestRunner.beforeRun(TestRunner.java:634)
	at org.testng.TestRunner.run(TestRunner.java:602)
	at org.testng.SuiteRunner.runTest(SuiteRunner.java:387)
	at org.testng.SuiteRunner.runSequentially(SuiteRunner.java:382)
	at org.testng.SuiteRunner.privateRun(SuiteRunner.java:340)
	at org.testng.SuiteRunner.run(SuiteRunner.java:289)
	at org.testng.SuiteRunnerWorker.runSuite(SuiteRunnerWorker.java:52)
	at org.testng.SuiteRunnerWorker.run(SuiteRunnerWorker.java:86)
	at org.testng.TestNG.runSuitesSequentially(TestNG.java:1293)
	at org.testng.TestNG.runSuitesLocally(TestNG.java:1218)
	at org.testng.TestNG.runSuites(TestNG.java:1133)
	at org.testng.TestNG.run(TestNG.java:1104)
	at org.testng.remote.AbstractRemoteTestNG.run(AbstractRemoteTestNG.java:132)
	at org.testng.remote.RemoteTestNG.initAndRun(RemoteTestNG.java:230)
	at org.testng.remote.RemoteTestNG.main(RemoteTestNG.java:76)
]]>
    </error>
  </testcase> <!-- OpenBrowser -->
  <testcase name="TestListen_1a" classname="com.FW2B.Runner.Runner_One">
    <skipped/>
  </testcase> <!-- TestListen_1a -->
  <testcase name="TestListen_2b" classname="com.FW2B.Runner.Runner_One">
    <skipped/>
  </testcase> <!-- TestListen_2b -->
  <testcase name="TestListen_3c" classname="com.FW2B.Runner.Runner_One">
    <skipped/>
  </testcase> <!-- TestListen_3c -->
  <testcase name="TestListen_testcaseSkipException_4d" classname="com.FW2B.Runner.Runner_One">
    <skipped/>
  </testcase> <!-- TestListen_testcaseSkipException_4d -->
  <testcase name="TestListen_testcaseConditionalSkipExecution_5e" classname="com.FW2B.Runner.Runner_One">
    <skipped/>
  </testcase> <!-- TestListen_testcaseConditionalSkipExecution_5e -->
  <testcase name="TestListen_timeoutTest_6f" classname="com.FW2B.Runner.Runner_One">
    <skipped/>
  </testcase> <!-- TestListen_timeoutTest_6f -->
</testsuite> <!-- com.FW2B.Runner.Runner_One -->
