<?xml version="1.0" encoding="UTF-8"?>
<!-- Generated by org.testng.reporters.JUnitReportReporter -->
<testsuite name="com.Test_ng.TestRun_01" tests="1" time="0.065" ignored="0" failures="0" timestamp="06 Sep 2020 13:49:39 GMT" skipped="0" hostname="KALYAN" errors="0">
  <testcase name="Verify" time="0.065" classname="com.Test_ng.TestRun_01"/>
</testsuite> <!-- com.Test_ng.TestRun_01 -->
