<?xml version="1.0" encoding="UTF-8"?>
<!-- Generated by org.testng.reporters.JUnitReportReporter -->
<testsuite name="com.Test_ng.group_in_group_1" tests="9" time="0.078" ignored="0" failures="0" timestamp="06 Sep 2020 15:04:37 GMT" skipped="0" hostname="KALYAN" errors="0">
  <testcase name="test_1" time="0.031" classname="com.Test_ng.group_in_group_1"/>
  <testcase name="test_3" time="0.000" classname="com.Test_ng.group_in_group_1"/>
  <testcase name="test_4" time="0.000" classname="com.Test_ng.group_in_group_1"/>
  <testcase name="test_6" time="0.016" classname="com.Test_ng.group_in_group_1"/>
  <testcase name="test_5" time="0.015" classname="com.Test_ng.group_in_group_1"/>
  <testcase name="test_7" time="0.016" classname="com.Test_ng.group_in_group_1"/>
  <testcase name="test_9" time="0.000" classname="com.Test_ng.group_in_group_1"/>
  <testcase name="test_2" time="0.000" classname="com.Test_ng.group_in_group_1"/>
  <testcase name="test_8" time="0.000" classname="com.Test_ng.group_in_group_1"/>
</testsuite> <!-- com.Test_ng.group_in_group_1 -->
