<?xml version="1.0" encoding="UTF-8"?>
<!-- Generated by org.testng.reporters.JUnitReportReporter -->
<testsuite name="com.Test_ng.group_in_group_2" tests="9" time="0.216" ignored="0" failures="0" timestamp="06 Sep 2020 14:14:28 GMT" skipped="0" hostname="KALYAN" errors="0">
  <testcase name="g2_test_8" time="0.016" classname="com.Test_ng.group_in_group_2"/>
  <testcase name="g2_test_6" time="0.010" classname="com.Test_ng.group_in_group_2"/>
  <testcase name="g2_test_1" time="0.140" classname="com.Test_ng.group_in_group_2"/>
  <testcase name="g2_test_4" time="0.008" classname="com.Test_ng.group_in_group_2"/>
  <testcase name="g2_test_9" time="0.007" classname="com.Test_ng.group_in_group_2"/>
  <testcase name="g2_test_2" time="0.007" classname="com.Test_ng.group_in_group_2"/>
  <testcase name="g2_test_7" time="0.010" classname="com.Test_ng.group_in_group_2"/>
  <testcase name="g2_test_5" time="0.008" classname="com.Test_ng.group_in_group_2"/>
  <testcase name="g2_test_3" time="0.010" classname="com.Test_ng.group_in_group_2"/>
</testsuite> <!-- com.Test_ng.group_in_group_2 -->
