<?xml version="1.0" encoding="UTF-8"?>
<!-- Generated by org.testng.reporters.JUnitReportReporter -->
<testsuite name="com.FWL1.runner.Factory_Two_BB" tests="1" time="0.266" ignored="0" failures="0" timestamp="12 Sep 2020 18:59:23 GMT" skipped="0" hostname="KALYAN" errors="0">
  <testcase name="test123" time="0.266" classname="com.FWL1.runner.Factory_Two_BB"/>
</testsuite> <!-- com.FWL1.runner.Factory_Two_BB -->
