<?xml version="1.0" encoding="UTF-8"?>
<!-- Generated by org.testng.reporters.JUnitReportReporter -->
<testsuite name="demo2b.DemoTestNG.TestGroup1" tests="9" time="0.093" ignored="0" failures="0" timestamp="06 Sep 2020 15:29:04 GMT" skipped="0" hostname="KALYAN" errors="0">
  <testcase name="verifyTest1" time="0.047" classname="demo2b.DemoTestNG.TestGroup1"/>
  <testcase name="verifyTest4" time="0.000" classname="demo2b.DemoTestNG.TestGroup1"/>
  <testcase name="verifyTest5" time="0.016" classname="demo2b.DemoTestNG.TestGroup1"/>
  <testcase name="verifyTest7" time="0.000" classname="demo2b.DemoTestNG.TestGroup1"/>
  <testcase name="verifyTest2" time="0.000" classname="demo2b.DemoTestNG.TestGroup1"/>
  <testcase name="verifyTest6" time="0.015" classname="demo2b.DemoTestNG.TestGroup1"/>
  <testcase name="verifyTest9" time="0.000" classname="demo2b.DemoTestNG.TestGroup1"/>
  <testcase name="verifyTest3" time="0.015" classname="demo2b.DemoTestNG.TestGroup1"/>
  <testcase name="verifyTest8" time="0.000" classname="demo2b.DemoTestNG.TestGroup1"/>
</testsuite> <!-- demo2b.DemoTestNG.TestGroup1 -->
